This is XeTeX, Version 3.1415926-2.3-0.9997.5 (TeX Live 2011) (format=xelatex 2012.2.8)  23 OCT 2013 09:40
entering extended mode
 restricted \write18 enabled.
 %&-line parsing enabled.
**main
(./main.tex
LaTeX2e <2011/06/27>
Babel <v3.8m> and hyphenation patterns for english, dumylang, nohyphenation, ge
rman-x-2011-07-01, ngerman-x-2011-07-01, afrikaans, ancientgreek, ibycus, arabi
c, armenian, basque, bulgarian, catalan, pinyin, coptic, croatian, czech, danis
h, dutch, ukenglish, usenglishmax, esperanto, estonian, ethiopic, farsi, finnis
h, french, galician, german, ngerman, swissgerman, monogreek, greek, hungarian,
 icelandic, assamese, bengali, gujarati, hindi, kannada, malayalam, marathi, or
iya, panjabi, tamil, telugu, indonesian, interlingua, irish, italian, kurmanji,
 lao, latin, latvian, lithuanian, mongolian, mongolianlmc, bokmal, nynorsk, pol
ish, portuguese, romanian, russian, sanskrit, serbian, serbianc, slovak, sloven
ian, spanish, swedish, turkish, turkmen, ukrainian, uppersorbian, welsh, loaded
.
(./ucdthesis.cls
Document Class: ucdthesis 2002/6/25 v1.0 University of California, Davis Thesis
 Class
(./ucdt12.clo)
\descriptionmargin=\dimen102
\c@part=\count80
\c@chapter=\count81
\c@section=\count82
\c@subsection=\count83
\c@subsubsection=\count84
\c@paragraph=\count85
\c@subparagraph=\count86
\c@figure=\count87
\c@table=\count88
)
(/home/kristen/software/.texlive/2011/texmf-dist/tex/latex/pgf/frontendlayer/ti
kz.sty
(/home/kristen/software/.texlive/2011/texmf-dist/tex/latex/pgf/basiclayer/pgf.s
ty
(/home/kristen/software/.texlive/2011/texmf-dist/tex/latex/pgf/utilities/pgfrcs
.sty
(/home/kristen/software/.texlive/2011/texmf-dist/tex/generic/pgf/utilities/pgfu
til-common.tex
\pgfutil@everybye=\toks14
)
(/home/kristen/software/.texlive/2011/texmf-dist/tex/generic/pgf/utilities/pgfu
til-latex.def
\pgfutil@abb=\box26

(/home/kristen/software/.texlive/2011/texmf-dist/tex/latex/ms/everyshi.sty
Package: everyshi 2001/05/15 v3.00 EveryShipout Package (MS)
))
(/home/kristen/software/.texlive/2011/texmf-dist/tex/generic/pgf/utilities/pgfr
cs.code.tex
Package: pgfrcs 2010/10/25 v2.10 (rcs-revision 1.24)
))
Package: pgf 2008/01/15 v2.10 (rcs-revision 1.12)

(/home/kristen/software/.texlive/2011/texmf-dist/tex/latex/pgf/basiclayer/pgfco
re.sty
(/home/kristen/software/.texlive/2011/texmf-dist/tex/latex/graphics/graphicx.st
y
Package: graphicx 1999/02/16 v1.0f Enhanced LaTeX Graphics (DPC,SPQR)

(/home/kristen/software/.texlive/2011/texmf-dist/tex/latex/graphics/keyval.sty
Package: keyval 1999/03/16 v1.13 key=value parser (DPC)
\KV@toks@=\toks15
)
(/home/kristen/software/.texlive/2011/texmf-dist/tex/latex/graphics/graphics.st
y
Package: graphics 2009/02/05 v1.0o Standard LaTeX Graphics (DPC,SPQR)
 (/home/kristen/software/.texlive/2011/texmf-dist/tex/latex/graphics/trig.sty
Package: trig 1999/03/16 v1.09 sin cos tan (DPC)
)
(/home/kristen/software/.texlive/2011/texmf-dist/tex/latex/latexconfig/graphics
.cfg
File: graphics.cfg 2010/04/23 v1.9 graphics configuration of TeX Live
)
Package graphics Info: Driver file: xetex.def on input line 91.

(/home/kristen/software/.texlive/2011/texmf-dist/tex/xelatex/xetex-def/xetex.de
f
File: xetex.def 2009/11/22 v0.94 LaTeX color/graphics driver for XeTeX (RRM/JK)

))
\Gin@req@height=\dimen103
\Gin@req@width=\dimen104
)
(/home/kristen/software/.texlive/2011/texmf-dist/tex/latex/pgf/systemlayer/pgfs
ys.sty
(/home/kristen/software/.texlive/2011/texmf-dist/tex/generic/pgf/systemlayer/pg
fsys.code.tex
Package: pgfsys 2010/06/30 v2.10 (rcs-revision 1.37)

(/home/kristen/software/.texlive/2011/texmf-dist/tex/generic/pgf/utilities/pgfk
eys.code.tex
\pgfkeys@pathtoks=\toks16
\pgfkeys@temptoks=\toks17

(/home/kristen/software/.texlive/2011/texmf-dist/tex/generic/pgf/utilities/pgfk
eysfiltered.code.tex
\pgfkeys@tmptoks=\toks18
))
\pgf@x=\dimen105
\pgf@y=\dimen106
\pgf@xa=\dimen107
\pgf@ya=\dimen108
\pgf@xb=\dimen109
\pgf@yb=\dimen110
\pgf@xc=\dimen111
\pgf@yc=\dimen112
\w@pgf@writea=\write3
\r@pgf@reada=\read1
\c@pgf@counta=\count89
\c@pgf@countb=\count90
\c@pgf@countc=\count91
\c@pgf@countd=\count92

(/home/kristen/software/.texlive/2011/texmf-dist/tex/generic/pgf/systemlayer/pg
f.cfg
File: pgf.cfg 2008/05/14  (rcs-revision 1.7)
)
Package pgfsys Info: Driver file for pgf: pgfsys-xetex.def on input line 900.

(/home/kristen/software/.texlive/2011/texmf-dist/tex/generic/pgf/systemlayer/pg
fsys-xetex.def
File: pgfsys-xetex.def 2010/02/16  (rcs-revision 1.3)

(/home/kristen/software/.texlive/2011/texmf-dist/tex/generic/pgf/systemlayer/pg
fsys-common-pdf.def
File: pgfsys-common-pdf.def 2008/05/19  (rcs-revision 1.10)
)
(/home/kristen/software/.texlive/2011/texmf-dist/tex/generic/pgf/systemlayer/pg
fsys-common-pdf-via-dvi.def
File: pgfsys-common-pdf-via-dvi.def 2008/05/19  (rcs-revision 1.7)
)))
(/home/kristen/software/.texlive/2011/texmf-dist/tex/generic/pgf/systemlayer/pg
fsyssoftpath.code.tex
File: pgfsyssoftpath.code.tex 2008/07/18  (rcs-revision 1.7)
\pgfsyssoftpath@smallbuffer@items=\count93
\pgfsyssoftpath@bigbuffer@items=\count94
)
(/home/kristen/software/.texlive/2011/texmf-dist/tex/generic/pgf/systemlayer/pg
fsysprotocol.code.tex
File: pgfsysprotocol.code.tex 2006/10/16  (rcs-revision 1.4)
))
(/home/kristen/software/.texlive/2011/texmf-dist/tex/latex/xcolor/xcolor.sty
Package: xcolor 2007/01/21 v2.11 LaTeX color extensions (UK)

(/home/kristen/software/.texlive/2011/texmf-dist/tex/latex/latexconfig/color.cf
g
File: color.cfg 2007/01/18 v1.5 color configuration of teTeX/TeXLive
)
Package xcolor Info: Driver file: xetex.def on input line 225.
Package xcolor Info: Model `cmy' substituted by `cmy0' on input line 1337.
Package xcolor Info: Model `RGB' extended on input line 1353.
Package xcolor Info: Model `HTML' substituted by `rgb' on input line 1355.
Package xcolor Info: Model `Hsb' substituted by `hsb' on input line 1356.
Package xcolor Info: Model `tHsb' substituted by `hsb' on input line 1357.
Package xcolor Info: Model `HSB' substituted by `hsb' on input line 1358.
Package xcolor Info: Model `Gray' substituted by `gray' on input line 1359.
Package xcolor Info: Model `wave' substituted by `hsb' on input line 1360.
)
(/home/kristen/software/.texlive/2011/texmf-dist/tex/generic/pgf/basiclayer/pgf
core.code.tex
Package: pgfcore 2010/04/11 v2.10 (rcs-revision 1.7)

(/home/kristen/software/.texlive/2011/texmf-dist/tex/generic/pgf/math/pgfmath.c
ode.tex
(/home/kristen/software/.texlive/2011/texmf-dist/tex/generic/pgf/math/pgfmathca
lc.code.tex
(/home/kristen/software/.texlive/2011/texmf-dist/tex/generic/pgf/math/pgfmathut
il.code.tex)
(/home/kristen/software/.texlive/2011/texmf-dist/tex/generic/pgf/math/pgfmathpa
rser.code.tex
\pgfmath@dimen=\dimen113
\pgfmath@count=\count95
\pgfmath@box=\box27
\pgfmath@toks=\toks19
\pgfmath@stack@operand=\toks20
\pgfmath@stack@operation=\toks21
)
(/home/kristen/software/.texlive/2011/texmf-dist/tex/generic/pgf/math/pgfmathfu
nctions.code.tex
(/home/kristen/software/.texlive/2011/texmf-dist/tex/generic/pgf/math/pgfmathfu
nctions.basic.code.tex)
(/home/kristen/software/.texlive/2011/texmf-dist/tex/generic/pgf/math/pgfmathfu
nctions.trigonometric.code.tex)
(/home/kristen/software/.texlive/2011/texmf-dist/tex/generic/pgf/math/pgfmathfu
nctions.random.code.tex)
(/home/kristen/software/.texlive/2011/texmf-dist/tex/generic/pgf/math/pgfmathfu
nctions.comparison.code.tex)
(/home/kristen/software/.texlive/2011/texmf-dist/tex/generic/pgf/math/pgfmathfu
nctions.base.code.tex)
(/home/kristen/software/.texlive/2011/texmf-dist/tex/generic/pgf/math/pgfmathfu
nctions.round.code.tex)
(/home/kristen/software/.texlive/2011/texmf-dist/tex/generic/pgf/math/pgfmathfu
nctions.misc.code.tex)))
(/home/kristen/software/.texlive/2011/texmf-dist/tex/generic/pgf/math/pgfmathfl
oat.code.tex
\c@pgfmathroundto@lastzeros=\count96
))
(/home/kristen/software/.texlive/2011/texmf-dist/tex/generic/pgf/basiclayer/pgf
corepoints.code.tex
File: pgfcorepoints.code.tex 2010/04/09  (rcs-revision 1.20)
\pgf@picminx=\dimen114
\pgf@picmaxx=\dimen115
\pgf@picminy=\dimen116
\pgf@picmaxy=\dimen117
\pgf@pathminx=\dimen118
\pgf@pathmaxx=\dimen119
\pgf@pathminy=\dimen120
\pgf@pathmaxy=\dimen121
\pgf@xx=\dimen122
\pgf@xy=\dimen123
\pgf@yx=\dimen124
\pgf@yy=\dimen125
\pgf@zx=\dimen126
\pgf@zy=\dimen127
)
(/home/kristen/software/.texlive/2011/texmf-dist/tex/generic/pgf/basiclayer/pgf
corepathconstruct.code.tex
File: pgfcorepathconstruct.code.tex 2010/08/03  (rcs-revision 1.24)
\pgf@path@lastx=\dimen128
\pgf@path@lasty=\dimen129
)
(/home/kristen/software/.texlive/2011/texmf-dist/tex/generic/pgf/basiclayer/pgf
corepathusage.code.tex
File: pgfcorepathusage.code.tex 2008/04/22  (rcs-revision 1.12)
\pgf@shorten@end@additional=\dimen130
\pgf@shorten@start@additional=\dimen131
)
(/home/kristen/software/.texlive/2011/texmf-dist/tex/generic/pgf/basiclayer/pgf
corescopes.code.tex
File: pgfcorescopes.code.tex 2010/09/08  (rcs-revision 1.34)
\pgfpic=\box28
\pgf@hbox=\box29
\pgf@layerbox@main=\box30
\pgf@picture@serial@count=\count97
)
(/home/kristen/software/.texlive/2011/texmf-dist/tex/generic/pgf/basiclayer/pgf
coregraphicstate.code.tex
File: pgfcoregraphicstate.code.tex 2008/04/22  (rcs-revision 1.9)
\pgflinewidth=\dimen132
)
(/home/kristen/software/.texlive/2011/texmf-dist/tex/generic/pgf/basiclayer/pgf
coretransformations.code.tex
File: pgfcoretransformations.code.tex 2009/06/10  (rcs-revision 1.11)
\pgf@pt@x=\dimen133
\pgf@pt@y=\dimen134
\pgf@pt@temp=\dimen135
)
(/home/kristen/software/.texlive/2011/texmf-dist/tex/generic/pgf/basiclayer/pgf
corequick.code.tex
File: pgfcorequick.code.tex 2008/10/09  (rcs-revision 1.3)
)
(/home/kristen/software/.texlive/2011/texmf-dist/tex/generic/pgf/basiclayer/pgf
coreobjects.code.tex
File: pgfcoreobjects.code.tex 2006/10/11  (rcs-revision 1.2)
)
(/home/kristen/software/.texlive/2011/texmf-dist/tex/generic/pgf/basiclayer/pgf
corepathprocessing.code.tex
File: pgfcorepathprocessing.code.tex 2008/10/09  (rcs-revision 1.8)
)
(/home/kristen/software/.texlive/2011/texmf-dist/tex/generic/pgf/basiclayer/pgf
corearrows.code.tex
File: pgfcorearrows.code.tex 2008/04/23  (rcs-revision 1.11)
)
(/home/kristen/software/.texlive/2011/texmf-dist/tex/generic/pgf/basiclayer/pgf
coreshade.code.tex
File: pgfcoreshade.code.tex 2008/11/23  (rcs-revision 1.13)
\pgf@max=\dimen136
\pgf@sys@shading@range@num=\count98
)
(/home/kristen/software/.texlive/2011/texmf-dist/tex/generic/pgf/basiclayer/pgf
coreimage.code.tex
File: pgfcoreimage.code.tex 2010/03/25  (rcs-revision 1.16)

(/home/kristen/software/.texlive/2011/texmf-dist/tex/generic/pgf/basiclayer/pgf
coreexternal.code.tex
File: pgfcoreexternal.code.tex 2010/09/01  (rcs-revision 1.17)
\pgfexternal@startupbox=\box31
))
(/home/kristen/software/.texlive/2011/texmf-dist/tex/generic/pgf/basiclayer/pgf
corelayers.code.tex
File: pgfcorelayers.code.tex 2010/08/27  (rcs-revision 1.2)
)
(/home/kristen/software/.texlive/2011/texmf-dist/tex/generic/pgf/basiclayer/pgf
coretransparency.code.tex
File: pgfcoretransparency.code.tex 2008/01/17  (rcs-revision 1.2)
)
(/home/kristen/software/.texlive/2011/texmf-dist/tex/generic/pgf/basiclayer/pgf
corepatterns.code.tex
File: pgfcorepatterns.code.tex 2009/07/02  (rcs-revision 1.3)
)))
(/home/kristen/software/.texlive/2011/texmf-dist/tex/generic/pgf/modules/pgfmod
uleshapes.code.tex
File: pgfmoduleshapes.code.tex 2010/09/09  (rcs-revision 1.13)
\pgfnodeparttextbox=\box32
)
(/home/kristen/software/.texlive/2011/texmf-dist/tex/generic/pgf/modules/pgfmod
uleplot.code.tex
File: pgfmoduleplot.code.tex 2010/10/22  (rcs-revision 1.8)
)
(/home/kristen/software/.texlive/2011/texmf-dist/tex/latex/pgf/compatibility/pg
fcomp-version-0-65.sty
Package: pgfcomp-version-0-65 2007/07/03 v2.10 (rcs-revision 1.7)
\pgf@nodesepstart=\dimen137
\pgf@nodesepend=\dimen138
)
(/home/kristen/software/.texlive/2011/texmf-dist/tex/latex/pgf/compatibility/pg
fcomp-version-1-18.sty
Package: pgfcomp-version-1-18 2007/07/23 v2.10 (rcs-revision 1.1)
))
(/home/kristen/software/.texlive/2011/texmf-dist/tex/latex/pgf/utilities/pgffor
.sty
(/home/kristen/software/.texlive/2011/texmf-dist/tex/latex/pgf/utilities/pgfkey
s.sty
(/home/kristen/software/.texlive/2011/texmf-dist/tex/generic/pgf/utilities/pgfk
eys.code.tex))
(/home/kristen/software/.texlive/2011/texmf-dist/tex/generic/pgf/utilities/pgff
or.code.tex
Package: pgffor 2010/03/23 v2.10 (rcs-revision 1.18)
\pgffor@iter=\dimen139
\pgffor@skip=\dimen140
\pgffor@stack=\toks22
\pgffor@toks=\toks23
))
(/home/kristen/software/.texlive/2011/texmf-dist/tex/generic/pgf/frontendlayer/
tikz/tikz.code.tex
Package: tikz 2010/10/13 v2.10 (rcs-revision 1.76)

(/home/kristen/software/.texlive/2011/texmf-dist/tex/generic/pgf/libraries/pgfl
ibraryplothandlers.code.tex
File: pgflibraryplothandlers.code.tex 2010/05/31 v2.10 (rcs-revision 1.15)
\pgf@plot@mark@count=\count99
\pgfplotmarksize=\dimen141
)
\tikz@lastx=\dimen142
\tikz@lasty=\dimen143
\tikz@lastxsaved=\dimen144
\tikz@lastysaved=\dimen145
\tikzleveldistance=\dimen146
\tikzsiblingdistance=\dimen147
\tikz@figbox=\box33
\tikz@tempbox=\box34
\tikztreelevel=\count100
\tikznumberofchildren=\count101
\tikznumberofcurrentchild=\count102
\tikz@fig@count=\count103

(/home/kristen/software/.texlive/2011/texmf-dist/tex/generic/pgf/modules/pgfmod
ulematrix.code.tex
File: pgfmodulematrix.code.tex 2010/08/24  (rcs-revision 1.4)
\pgfmatrixcurrentrow=\count104
\pgfmatrixcurrentcolumn=\count105
\pgf@matrix@numberofcolumns=\count106
)
\tikz@expandcount=\count107

(/home/kristen/software/.texlive/2011/texmf-dist/tex/generic/pgf/frontendlayer/
tikz/libraries/tikzlibrarytopaths.code.tex
File: tikzlibrarytopaths.code.tex 2008/06/17 v2.10 (rcs-revision 1.2)
)))
(/home/kristen/software/.texlive/2011/texmf-dist/tex/latex/svn-multi/svn-multi.
sty
Package: svn-multi 2011/08/20 v2.4d SVN Keywords for multi-file LaTeX documents


(/home/kristen/software/.texlive/2011/texmf-dist/tex/latex/oberdiek/kvoptions.s
ty
Package: kvoptions 2010/12/23 v3.10 Keyval support for LaTeX options (HO)

(/home/kristen/software/.texlive/2011/texmf-dist/tex/generic/oberdiek/ltxcmds.s
ty
Package: ltxcmds 2011/04/18 v1.20 LaTeX kernel commands for general use (HO)
)
(/home/kristen/software/.texlive/2011/texmf-dist/tex/generic/oberdiek/kvsetkeys
.sty
Package: kvsetkeys 2011/04/07 v1.13 Key value parser (HO)

(/home/kristen/software/.texlive/2011/texmf-dist/tex/generic/oberdiek/infwarerr
.sty
Package: infwarerr 2010/04/08 v1.3 Providing info/warning/message (HO)
)
(/home/kristen/software/.texlive/2011/texmf-dist/tex/generic/oberdiek/etexcmds.
sty
Package: etexcmds 2011/02/16 v1.5 Prefix for e-TeX command names (HO)

(/home/kristen/software/.texlive/2011/texmf-dist/tex/generic/oberdiek/ifluatex.
sty
Package: ifluatex 2010/03/01 v1.3 Provides the ifluatex switch (HO)
Package ifluatex Info: LuaTeX not detected.
)
Package etexcmds Info: Could not find \expanded.
(etexcmds)             That can mean that you are not using pdfTeX 1.50 or
(etexcmds)             that some package has redefined \expanded.
(etexcmds)             In the latter case, load this package earlier.
))))
(/home/kristen/software/.texlive/2011/texmf-dist/tex/latex/fancyhdr/fancyhdr.st
y
\fancy@headwidth=\skip41
\f@ncyO@elh=\skip42
\f@ncyO@erh=\skip43
\f@ncyO@olh=\skip44
\f@ncyO@orh=\skip45
\f@ncyO@elf=\skip46
\f@ncyO@erf=\skip47
\f@ncyO@olf=\skip48
\f@ncyO@orf=\skip49
)
(/home/kristen/software/.texlive/2011/texmf-dist/tex/latex/fancyvrb/fancyvrb.st
y
Package: fancyvrb 2008/02/07

Style option: `fancyvrb' v2.7a, with DG/SPQR fixes, and firstline=lastline fix 
<2008/02/07> (tvz)
\FV@CodeLineNo=\count108
\FV@InFile=\read2
\FV@TabBox=\box35
\c@FancyVerbLine=\count109
\FV@StepNumber=\count110
\FV@OutFile=\write4
)
(/home/kristen/software/.texlive/2011/texmf-dist/tex/latex/amsmath/amsmath.sty
Package: amsmath 2000/07/18 v2.13 AMS math features
\@mathmargin=\skip50

For additional information on amsmath, use the `?' option.
(/home/kristen/software/.texlive/2011/texmf-dist/tex/latex/amsmath/amstext.sty
Package: amstext 2000/06/29 v2.01

(/home/kristen/software/.texlive/2011/texmf-dist/tex/latex/amsmath/amsgen.sty
File: amsgen.sty 1999/11/30 v2.0
\@emptytoks=\toks24
\ex@=\dimen148
)) (/home/kristen/software/.texlive/2011/texmf-dist/tex/latex/amsmath/amsbsy.st
y
Package: amsbsy 1999/11/29 v1.2d
\pmbraise@=\dimen149
) (/home/kristen/software/.texlive/2011/texmf-dist/tex/latex/amsmath/amsopn.sty
Package: amsopn 1999/12/14 v2.01 operator names
)
\inf@bad=\count111
LaTeX Info: Redefining \frac on input line 211.
\uproot@=\count112
\leftroot@=\count113
LaTeX Info: Redefining \overline on input line 307.
\classnum@=\count114
\DOTSCASE@=\count115
LaTeX Info: Redefining \ldots on input line 379.
LaTeX Info: Redefining \dots on input line 382.
LaTeX Info: Redefining \cdots on input line 467.
\Mathstrutbox@=\box36
\strutbox@=\box37
\big@size=\dimen150
LaTeX Font Info:    Redeclaring font encoding OML on input line 567.
LaTeX Font Info:    Redeclaring font encoding OMS on input line 568.
\macc@depth=\count116
\c@MaxMatrixCols=\count117
\dotsspace@=\muskip10
\c@parentequation=\count118
\dspbrk@lvl=\count119
\tag@help=\toks25
\row@=\count120
\column@=\count121
\maxfields@=\count122
\andhelp@=\toks26
\eqnshift@=\dimen151
\alignsep@=\dimen152
\tagshift@=\dimen153
\tagwidth@=\dimen154
\totwidth@=\dimen155
\lineht@=\dimen156
\@envbody=\toks27
\multlinegap=\skip51
\multlinetaggap=\skip52
\mathdisplay@stack=\toks28
LaTeX Info: Redefining \[ on input line 2666.
LaTeX Info: Redefining \] on input line 2667.
)
(/home/kristen/software/.texlive/2011/texmf-dist/tex/latex/graphics/lscape.sty
Package: lscape 2000/10/22 v3.01 Landscape Pages (DPC)
) (/home/kristen/software/.texlive/2011/texmf-dist/tex/latex/ctable/ctable.sty
Package: ctable 2011/09/05 v1.21 ctable package

(/home/kristen/software/.texlive/2011/texmf-dist/tex/latex/xkeyval/xkeyval.sty
Package: xkeyval 2008/08/13 v2.6a package option processing (HA)

(/home/kristen/software/.texlive/2011/texmf-dist/tex/generic/xkeyval/xkeyval.te
x
\XKV@toks=\toks29
\XKV@tempa@toks=\toks30
\XKV@depth=\count123
File: xkeyval.tex 2008/08/13 v2.6a key=value parser (HA)
)) (/home/kristen/software/.texlive/2011/texmf-dist/tex/latex/tools/array.sty
Package: array 2008/09/09 v2.4c Tabular extension package (FMi)
\col@sep=\dimen157
\extrarowheight=\dimen158
\NC@list=\toks31
\extratabsurround=\skip53
\backup@length=\skip54
) (/home/kristen/software/.texlive/2011/texmf-dist/tex/latex/tools/tabularx.sty
Package: tabularx 1999/01/07 v2.07 `tabularx' package (DPC)
\TX@col@width=\dimen159
\TX@old@table=\dimen160
\TX@old@col=\dimen161
\TX@target=\dimen162
\TX@delta=\dimen163
\TX@cols=\count124
\TX@ftn=\toks32
)
(/home/kristen/software/.texlive/2011/texmf-dist/tex/latex/booktabs/booktabs.st
y
Package: booktabs 2005/04/14 v1.61803 publication quality tables
\heavyrulewidth=\dimen164
\lightrulewidth=\dimen165
\cmidrulewidth=\dimen166
\belowrulesep=\dimen167
\belowbottomsep=\dimen168
\aboverulesep=\dimen169
\abovetopsep=\dimen170
\cmidrulesep=\dimen171
\cmidrulekern=\dimen172
\defaultaddspace=\dimen173
\@cmidla=\count125
\@cmidlb=\count126
\@aboverulesep=\dimen174
\@belowrulesep=\dimen175
\@thisruleclass=\count127
\@lastruleclass=\count128
\@thisrulewidth=\dimen176
)
(/home/kristen/software/.texlive/2011/texmf-dist/tex/latex/rotating/rotating.st
y
Package: rotating 2009/03/28 v2.16a rotated objects in LaTeX
 (/home/kristen/software/.texlive/2011/texmf-dist/tex/latex/base/ifthen.sty
Package: ifthen 2001/05/26 v1.1c Standard LaTeX ifthen package (DPC)
)
\c@r@tfl@t=\count129
\rotFPtop=\skip55
\rotFPbot=\skip56
\rot@float@box=\box38
\rot@mess@toks=\toks33
)
\@ctblframesep=\dimen177
\@defaultctblframesep=\dimen178
\@ctblframerule=\dimen179
\@defaultctblframerule=\dimen180
\@ctblwidth=\dimen181
\@defaultctblwidth=\dimen182
\@ctblcaptionskip=\dimen183
\@defaultctblcaptionskip=\dimen184
\@ctblmaxwidth=\dimen185
\@defaultctblmaxwidth=\dimen186
\@ctblmincapwidth=\dimen187
\@defaultctblmincapwidth=\dimen188
\@ctblw=\dimen189
\@ctblfloatwidth=\dimen190
\@ctbloldsep=\dimen191
\@ctbloldrule=\dimen192
\ctbl@t=\box39
)
(/home/kristen/software/.texlive/2011/texmf-dist/tex/latex/subfigure/subfigure.
sty
Package: subfigure 2002/03/15 v2.1.5 subfigure package


Package subfigure Warning: Your document class has a bad definition
 of \endfigure, most likely
 \let\endfigure=\end@float
 which has now been changed to
 \def\endfigure{\end@float}
 because otherwise subsequent changes to \end@float
 (like done by several packages changing float behaviour)
 can't take effect on \endfigure.
 Please complain to your document class author.


Package subfigure Warning: Your document class has a bad definition
 of \endtable, most likely
 \let\endtable=\end@float
 which has now been changed to
 \def\endtable{\end@float}
 because otherwise subsequent changes to \end@float
 (like done by several packages changing float behaviour)
 can't take effect on \endtable.
 Please complain to your document class author.

\subfigtopskip=\skip57
\subfigcapskip=\skip58
\subfigcaptopadj=\dimen193
\subfigbottomskip=\skip59
\subfigcapmargin=\dimen194
\subfiglabelskip=\skip60
\c@subfigure=\count130
\c@lofdepth=\count131
\c@subtable=\count132
\c@lotdepth=\count133
****************************************
* Local config file subfigure.cfg used *
****************************************

(/home/kristen/software/.texlive/2011/texmf-dist/tex/latex/subfigure/subfigure.
cfg)
\subfig@top=\skip61
\subfig@bottom=\skip62
)
(/home/kristen/software/.texlive/2011/texmf-dist/tex/latex/hyperref/hyperref.st
y
Package: hyperref 2011/12/04 v6.82m Hypertext links for LaTeX

(/home/kristen/software/.texlive/2011/texmf-dist/tex/generic/oberdiek/hobsub-hy
perref.sty
Package: hobsub-hyperref 2011/04/23 v1.4 Bundle oberdiek, subset hyperref (HO)

(/home/kristen/software/.texlive/2011/texmf-dist/tex/generic/oberdiek/hobsub-ge
neric.sty
Package: hobsub-generic 2011/04/23 v1.4 Bundle oberdiek, subset generic (HO)
Package: hobsub 2011/04/23 v1.4 Subsetting bundle oberdiek (HO)
Package hobsub Info: Skipping package `infwarerr' (already loaded).
Package hobsub Info: Skipping package `ltxcmds' (already loaded).
Package hobsub Info: Skipping package `ifluatex' (already loaded).
Package: ifvtex 2010/03/01 v1.5 Switches for detecting VTeX and its modes (HO)
Package ifvtex Info: VTeX not detected.
Package: intcalc 2007/09/27 v1.1 Expandable integer calculations (HO)
Package: ifpdf 2011/01/30 v2.3 Provides the ifpdf switch (HO)
Package ifpdf Info: pdfTeX in PDF mode is not detected.
Package hobsub Info: Skipping package `etexcmds' (already loaded).
Package hobsub Info: Skipping package `kvsetkeys' (already loaded).
Package: kvdefinekeys 2011/04/07 v1.3 Defining keys (HO)
Package: pdftexcmds 2011/04/22 v0.16 Utilities of pdfTeX for LuaTeX (HO)
Package pdftexcmds Info: LuaTeX not detected.
Package pdftexcmds Info: pdfTeX >= 1.30 not detected.
Package pdftexcmds Info: \pdf@primitive is available.
Package pdftexcmds Info: \pdf@ifprimitive is available.
Package pdftexcmds Info: \pdfdraftmode not found.
Package: pdfescape 2011/04/04 v1.12 Provides string conversions (HO)
Package: bigintcalc 2011/01/30 v1.2 Expandable big integer calculations (HO)
Package: bitset 2011/01/30 v1.1 Data type bit set (HO)
Package: uniquecounter 2011/01/30 v1.2 Provides unlimited unique counter (HO)
)
Package hobsub Info: Skipping package `hobsub' (already loaded).
Package: letltxmacro 2010/09/02 v1.4 Let assignment for LaTeX macros (HO)
Package: hopatch 2011/01/30 v1.0 Wrapper for package hooks (HO)
Package: xcolor-patch 2011/01/30 xcolor patch
Package: atveryend 2011/04/23 v1.7 Hooks at very end of document (HO)
Package: atbegshi 2011/01/30 v1.15 At begin shipout hook (HO)
Package: refcount 2010/12/01 v3.2 Data extraction from references (HO)
Package: hycolor 2011/01/30 v1.7 Color options of hyperref/bookmark (HO)
)
(/home/kristen/software/.texlive/2011/texmf-dist/tex/generic/ifxetex/ifxetex.st
y
Package: ifxetex 2010/09/12 v0.6 Provides ifxetex conditional
)
\@linkdim=\dimen195
\Hy@linkcounter=\count134
\Hy@pagecounter=\count135

(/home/kristen/software/.texlive/2011/texmf-dist/tex/latex/hyperref/pd1enc.def
File: pd1enc.def 2011/12/04 v6.82m Hyperref: PDFDocEncoding definition (HO)
)
\Hy@SavedSpaceFactor=\count136

(/home/kristen/software/.texlive/2011/texmf-dist/tex/xelatex/xetexconfig/hyperr
ef.cfg
File: hyperref.cfg 2008/07/11 v1.2 hyperref configuration for XeLaTeX
)
Package hyperref Info: Hyper figures OFF on input line 4046.
Package hyperref Info: Link nesting OFF on input line 4051.
Package hyperref Info: Hyper index ON on input line 4054.
Package hyperref Info: Plain pages OFF on input line 4061.
Package hyperref Info: Backreferencing OFF on input line 4066.
Package hyperref Info: Implicit mode ON; LaTeX internals redefined.
Package hyperref Info: Bookmarks ON on input line 4284.
\c@Hy@tempcnt=\count137
 (/home/kristen/software/.texlive/2011/texmf-dist/tex/latex/url/url.sty
\Urlmuskip=\muskip11
Package: url 2006/04/12  ver 3.3  Verb mode for urls, etc.
)
LaTeX Info: Redefining \url on input line 4637.
\Fld@menulength=\count138
\Field@Width=\dimen196
\Fld@charsize=\dimen197
Package hyperref Info: Hyper figures OFF on input line 5757.
Package hyperref Info: Link nesting OFF on input line 5762.
Package hyperref Info: Hyper index ON on input line 5765.
Package hyperref Info: backreferencing OFF on input line 5772.
Package hyperref Info: Link coloring OFF on input line 5777.
Package hyperref Info: Link coloring with OCG OFF on input line 5782.
Package hyperref Info: PDF/A mode OFF on input line 5787.
LaTeX Info: Redefining \ref on input line 5827.
LaTeX Info: Redefining \pageref on input line 5831.
\Hy@abspage=\count139
\c@Item=\count140
\c@Hfootnote=\count141
)

Package hyperref Message: Driver (autodetected): hxetex.

(/home/kristen/software/.texlive/2011/texmf-dist/tex/latex/hyperref/hxetex.def
File: hxetex.def 2011/12/04 v6.82m Hyperref driver for XeTeX

(/home/kristen/software/.texlive/2011/texmf-dist/tex/latex/hyperref/puenc.def
File: puenc.def 2011/12/04 v6.82m Hyperref: PDF Unicode definition (HO)
)
(/home/kristen/software/.texlive/2011/texmf-dist/tex/generic/oberdiek/stringenc
.sty
Package: stringenc 2010/03/01 v1.8 Converts strings between encodings (HO)
)
\pdfm@box=\box40
\c@Hy@AnnotLevel=\count142
\HyField@AnnotCount=\count143
\Fld@listcount=\count144
\c@bookmark@seq@number=\count145

(/home/kristen/software/.texlive/2011/texmf-dist/tex/latex/oberdiek/rerunfilech
eck.sty
Package: rerunfilecheck 2011/04/15 v1.7 Rerun checks for auxiliary files (HO)
Package rerunfilecheck Info: Feature \pdfmdfivesum is not available
(rerunfilecheck)             (e.g. pdfTeX or LuaTeX with package `pdftexcmds').

(rerunfilecheck)             Therefore file contents cannot be checked efficien
tly
(rerunfilecheck)             and the loading of the package is aborted.
)
\Hy@SectionHShift=\skip63
)
(/home/kristen/software/.texlive/2011/texmf-dist/tex/latex/biblatex/biblatex.st
y
Package: biblatex 2011/11/13 v1.7 programmable bibliographies

(/home/kristen/software/.texlive/2011/texmf-dist/tex/latex/etoolbox/etoolbox.st
y
Package: etoolbox 2011/01/03 v2.1 e-TeX tools for LaTeX
 (/home/kristen/software/.texlive/2011/texmf-dist/tex/latex/etex-pkg/etex.sty
Package: etex 1998/03/26 v2.0 eTeX basic definition package (PEB)
\et@xins=\count146
)
\etb@tempcnta=\count147
) (/home/kristen/software/.texlive/2011/texmf-dist/tex/latex/logreq/logreq.sty
Package: logreq 2010/08/04 v1.0 xml request logger
\lrq@indent=\count148

(/home/kristen/software/.texlive/2011/texmf-dist/tex/latex/logreq/logreq.def
File: logreq.def 2010/08/04 v1.0 logreq spec v1.0
))
\c@listtotal=\count149
\c@listcount=\count150
\c@liststart=\count151
\c@liststop=\count152
\c@citecount=\count153
\c@citetotal=\count154
\c@multicitecount=\count155
\c@multicitetotal=\count156
\c@instcount=\count157
\c@maxnames=\count158
\c@minnames=\count159
\c@maxitems=\count160
\c@minitems=\count161
\c@citecounter=\count162
\c@savedcitecounter=\count163
\c@uniquelist=\count164
\c@uniquename=\count165
\c@refsection=\count166
\c@refsegment=\count167
\c@maxextrayear=\count168
\c@maxextraalpha=\count169
\c@abbrvpenalty=\count170
\c@highnamepenalty=\count171
\c@lownamepenalty=\count172
\c@maxparens=\count173
\c@parenlevel=\count174
\blx@tempcnta=\count175
\blx@tempcntb=\count176
\blx@tempcntc=\count177
\blx@maxsection=\count178
\blx@maxsegment=\count179
\blx@notetype=\count180
\blx@parenlevel@text=\count181
\blx@parenlevel@foot=\count182
\labelnumberwidth=\skip64
\labelalphawidth=\skip65
\shorthandwidth=\skip66
\biblabelsep=\skip67
\bibitemsep=\skip68
\bibnamesep=\skip69
\bibinitsep=\skip70
\bibparsep=\skip71
\bibhang=\skip72
\blx@auxin=\read3
\blx@auxout=\write5
\c@mincomprange=\count183
\c@maxcomprange=\count184
\c@mincompwidth=\count185
\c@labelname=\count186
\c@savedlabelname=\count187
\c@author=\count188
\c@savedauthor=\count189
\c@shortauthor=\count190
\c@savedshortauthor=\count191
\c@editor=\count192
\c@savededitor=\count193
\c@editora=\count194
\c@savededitora=\count195
\c@editorb=\count196
\c@savededitorb=\count197
\c@editorc=\count198
\c@savededitorc=\count199
\c@shorteditor=\count200
\c@savedshorteditor=\count201
\c@bookauthor=\count202
\c@savedbookauthor=\count203
\c@translator=\count204
\c@savedtranslator=\count205
\c@annotator=\count206
\c@savedannotator=\count207
\c@commentator=\count208
\c@savedcommentator=\count209
\c@introduction=\count210
\c@savedintroduction=\count211
\c@foreword=\count212
\c@savedforeword=\count213
\c@afterword=\count214
\c@savedafterword=\count215
\c@holder=\count216
\c@savedholder=\count217
\c@namea=\count218
\c@savednamea=\count219
\c@nameb=\count220
\c@savednameb=\count221
\c@namec=\count222
\c@savednamec=\count223
\c@institution=\count224
\c@savedinstitution=\count225
\c@language=\count226
\c@savedlanguage=\count227
\c@location=\count228
\c@savedlocation=\count229
\c@organization=\count230
\c@savedorganization=\count231
\c@origlocation=\count232
\c@savedoriglocation=\count233
Normal \count register pool exhausted, switching to extended pool.
\c@origpublisher=\count277
\c@savedorigpublisher=\count278
\c@pageref=\count279
\c@savedpageref=\count280
\c@publisher=\count281
\c@savedpublisher=\count282
\c@lista=\count283
\c@savedlista=\count284
\c@listb=\count285
\c@savedlistb=\count286
\c@listc=\count287
\c@savedlistc=\count288
\c@listd=\count289
\c@savedlistd=\count290
\c@liste=\count291
\c@savedliste=\count292
\c@listf=\count293
\c@savedlistf=\count294
Package biblatex Info: Trying to load compatibility code...
Package biblatex Info: ... file 'blx-compat.def' found.

(/home/kristen/software/.texlive/2011/texmf-dist/tex/latex/biblatex/blx-compat.
def
File: blx-compat.def 2011/11/13 v1.7 biblatex generic compatibility
)
Package biblatex Info: Trying to load generic definitions...
Package biblatex Info: ... file 'biblatex.def' found.

(/home/kristen/software/.texlive/2011/texmf-dist/tex/latex/biblatex/biblatex.de
f
File: biblatex.def 2011/11/13 v1.7 biblatex generic definitions
\c@biburlnumpenalty=\count295
\c@biburlucpenalty=\count296
\c@biburllcpenalty=\count297
\c@smartand=\count298
)
Package biblatex Info: Trying to load bibliography style 'numeric'...
Package biblatex Info: ... file 'numeric.bbx' found.

(/home/kristen/software/.texlive/2011/texmf-dist/tex/latex/biblatex/bbx/numeric
.bbx
File: numeric.bbx 2011/11/13 v1.7 biblatex bibliography style
Package biblatex Info: Trying to load bibliography style 'standard'...
Package biblatex Info: ... file 'standard.bbx' found.

(/home/kristen/software/.texlive/2011/texmf-dist/tex/latex/biblatex/bbx/standar
d.bbx
File: standard.bbx 2011/11/13 v1.7 biblatex bibliography style
))
Package biblatex Info: Trying to load citation style 'numeric'...
Package biblatex Info: ... file 'numeric.cbx' found.

(/home/kristen/software/.texlive/2011/texmf-dist/tex/latex/biblatex/cbx/numeric
.cbx
File: numeric.cbx 2011/11/13 v1.7 biblatex citation style
Package biblatex Info: Redefining '\cite'.
Package biblatex Info: Redefining '\parencite'.
Package biblatex Info: Redefining '\footcite'.
Package biblatex Info: Redefining '\footcitetext'.
Package biblatex Info: Redefining '\smartcite'.
Package biblatex Info: Redefining '\textcite'.
Package biblatex Info: Redefining '\supercite'.
Package biblatex Info: Redefining '\cites'.
Package biblatex Info: Redefining '\parencites'.
Package biblatex Info: Redefining '\smartcites'.
)
Package biblatex Info: Trying to load configuration file...
Package biblatex Info: ... file 'biblatex.cfg' found.

(/home/kristen/software/.texlive/2011/texmf-dist/tex/latex/biblatex/biblatex.cf
g
File: biblatex.cfg 
)) (/home/kristen/software/.texlive/2011/texmf-dist/tex/latex/base/makeidx.sty
Package: makeidx 2000/03/29 v1.0m Standard LaTeX package
)
\@indexfile=\write6
\openout6 = `main.idx'.


Writing index file main.idx
(/home/kristen/software/.texlive/2011/texmf-dist/tex/latex/caption/caption.sty
Package: caption 2011/11/10 v3.2e Customizing captions (AR)

(/home/kristen/software/.texlive/2011/texmf-dist/tex/latex/caption/caption3.sty
Package: caption3 2011/11/01 v1.4a caption3 kernel (AR)
\captionmargin=\dimen198
\captionmargin@=\dimen199
\captionwidth=\dimen200
\caption@indent=\dimen201
\caption@parindent=\dimen202
\caption@hangindent=\dimen203
\abovecaptionskip=\skip73
\belowcaptionskip=\skip74
Package caption Info: Unknown document class (or package),
(caption)             standard defaults will be used.
)

Package caption Warning: Unsupported document class (or package) detected,
(caption)                usage of the caption package is not recommended.
See the caption package documentation for explanation.

Package caption Info: \@makecaption = \long macro:#1#2->\par \ifdim \prevdepth 
>-\p@ \vskip 10\p@ \relax \fi \setbox \@tempboxa \hbox {\vbox to\topskip {}#1: 
#2\unskip \strut }\ifdim \wd \@tempboxa >\hsize {\ssp #1: #2\unskip \strut \par
 } \else \hbox to\hsize {\hfil \unhbox \@tempboxa \hfil }\fi .
\c@ContinuedFloat=\count299
Package caption Info: hyperref package is loaded.
Package caption Info: rotating package is loaded.
Package caption Info: subfigure package is loaded.
)
Package biblatex Info: Trying to load language 'english'...
Package biblatex Info: ... file 'english.lbx' found.

(/home/kristen/software/.texlive/2011/texmf-dist/tex/latex/biblatex/lbx/english
.lbx
File: english.lbx 2011/11/13 v1.7 biblatex localization
)

Package biblatex Warning: Patching footnotes failed.
(biblatex)                Footnote detection will not work.

\@quotelevel=\count300
\@quotereset=\count301

LaTeX Warning: Unused global option(s):
    [notableslist].

(./main.aux)
\openout1 = `main.aux'.

LaTeX Font Info:    Checking defaults for OML/cmm/m/it on input line 129.
LaTeX Font Info:    ... okay on input line 129.
LaTeX Font Info:    Checking defaults for T1/cmr/m/n on input line 129.
LaTeX Font Info:    ... okay on input line 129.
LaTeX Font Info:    Checking defaults for OT1/cmr/m/n on input line 129.
LaTeX Font Info:    ... okay on input line 129.
LaTeX Font Info:    Checking defaults for OMS/cmsy/m/n on input line 129.
LaTeX Font Info:    ... okay on input line 129.
LaTeX Font Info:    Checking defaults for OMX/cmex/m/n on input line 129.
LaTeX Font Info:    ... okay on input line 129.
LaTeX Font Info:    Checking defaults for U/cmr/m/n on input line 129.
LaTeX Font Info:    ... okay on input line 129.
LaTeX Font Info:    Checking defaults for PD1/pdf/m/n on input line 129.
LaTeX Font Info:    ... okay on input line 129.
LaTeX Font Info:    Checking defaults for PU/pdf/m/n on input line 129.
LaTeX Font Info:    ... okay on input line 129.
 ABD: EveryShipout initializing macros
\AtBeginShipoutBox=\box41


Package hyperref Warning: Height of page (\paperheight) is invalid (0.0pt),
(hyperref)                using 11in.

Package hyperref Info: Link coloring OFF on input line 129.

(/home/kristen/software/.texlive/2011/texmf-dist/tex/latex/hyperref/nameref.sty
Package: nameref 2010/04/30 v2.40 Cross-referencing by name of section

(/home/kristen/software/.texlive/2011/texmf-dist/tex/generic/oberdiek/gettitles
tring.sty
Package: gettitlestring 2010/12/03 v1.4 Cleanup title references (HO)
)
\c@section@level=\count302
)
LaTeX Info: Redefining \ref on input line 129.
LaTeX Info: Redefining \pageref on input line 129.
LaTeX Info: Redefining \nameref on input line 129.
 (./main.out) (./main.out)
\@outlinefile=\write7
\openout7 = `main.out'.

Package biblatex Info: XeTeX detected.
(biblatex)             Assuming input encoding 'utf8'.
Package biblatex Info: Automatic encoding selection.
(biblatex)             Assuming data encoding 'utf8'.
\openout5 = `main.bcf'.

Package biblatex Info: Trying to load bibliographic data...
Package biblatex Info: ... file 'main.bbl' found.
 (./main.bbl)
Package biblatex Info: Reference section=0 on input line 129.
Package biblatex Info: Reference segment=0 on input line 129.
Package caption Info: Begin \AtBeginDocument code.
Package caption Info: End \AtBeginDocument code.
 (./title_and_frontmatter.tex (./abstract.tex)
(/home/kristen/software/.texlive/2011/texmf-dist/tex/generic/oberdiek/se-ascii-
print.def
File: se-ascii-print.def 2010/03/01 v1.8 stringenc: Printable ASCII characters
) [1


] [2] [3] [4] (./main.toc)
\tf@toc=\write8
\openout8 = `main.toc'.

 [5

] (./main.lof)
\tf@lof=\write9
\openout9 = `main.lof'.

 (./main.lot)
\tf@lot=\write10
\openout10 = `main.lot'.

 [6

])
(./introduction.tex
Chapter 1.

Package hyperref Warning: Difference (2) between bookmark levels is greater 
(hyperref)                than one, level fixed on input line 6.

Missing character: There is no ’ in font cmr12!

Overfull \hbox (23.94244pt too wide) has occurred while \output is active
 \OT1/cmr/m/n/12 1
 []

[1


]
Missing character: There is no ’ in font cmr12!
File: figure1.pdf Graphic file (type QTm)
 <use  "figure1.pdf" >
Overfull \hbox (23.94244pt too wide) has occurred while \output is active
 \OT1/cmr/m/n/12 2
 []

[2]
Overfull \hbox (23.94244pt too wide) has occurred while \output is active
 \OT1/cmr/m/n/12 3
 []

[3]
Overfull \hbox (23.94244pt too wide) has occurred while \output is active
 \OT1/cmr/m/n/12 4
 []

[4]) (./related.tex
Overfull \hbox (23.94244pt too wide) has occurred while \output is active
 \OT1/cmr/m/n/12 5
 []

[5]
Chapter 2.

Overfull \hbox (23.94244pt too wide) has occurred while \output is active
 \OT1/cmr/m/n/12 6
 []

[6

]
Missing character: There is no “ in font cmr12!
Missing character: There is no ” in font cmr12!
) (./design.tex
Overfull \hbox (23.94244pt too wide) has occurred while \output is active
 \OT1/cmr/m/n/12 7
 []

[7]
Chapter 3.
File: flowchart.pdf Graphic file (type QTm)
<use  "flowchart.pdf" >
Overfull \hbox (23.94244pt too wide) has occurred while \output is active
 \OT1/cmr/m/n/12 8
 []

[8

]) (./findings.tex
Overfull \hbox (23.94244pt too wide) has occurred while \output is active
 \OT1/cmr/m/n/12 9
 []

[9]
Chapter 4.
LaTeX Font Info:    Font shape `OT1/cmtt/bx/n' in size <6> not available
(Font)              Font shape `OT1/cmtt/m/n' tried instead on input line 16.

Overfull \hbox (29.81738pt too wide) has occurred while \output is active
 \OT1/cmr/m/n/12 10
 []

[10

]
LaTeX Font Info:    Font shape `OT1/cmtt/bx/n' in size <12> not available
(Font)              Font shape `OT1/cmtt/m/n' tried instead on input line 41.
File: figure2.pdf Graphic file (type QTm)
 <use  "figure2.pdf" >
Overfull \hbox (29.81738pt too wide) has occurred while \output is active
 \OT1/cmr/m/n/12 11
 []

[11]
File: figure3.pdf Graphic file (type QTm)
 <use  "figure3.pdf" >
Overfull \hbox (29.81738pt too wide) has occurred while \output is active
 \OT1/cmr/m/n/12 12
 []

[12]
Overfull \hbox (11.39348pt too wide) in paragraph at lines 66--67
 []\OT1/cmtt/m/n/12 WRITE[]SMS[] \OT1/cmr/m/n/12 The \OT1/cmtt/m/n/12 WRITE[]SM
S \OT1/cmr/m/n/12 per-mis-sion also uses a Provider URI, \OT1/cmtt/m/n/12 conte
nt://mms-sms/\OT1/cmr/m/n/12 ;
 []


Overfull \hbox (29.81738pt too wide) has occurred while \output is active
 \OT1/cmr/m/n/12 13
 []

[13]
Overfull \hbox (11.1731pt too wide) in paragraph at lines 69--70
 []\OT1/cmtt/m/n/12 ACCESS[]FINE[]LOCATION[] \OT1/cmr/m/n/12 The fine-grained l
o-ca-tion per-mis-sion, \OT1/cmtt/m/n/12 ACCESS[]FINE[]LOCATION\OT1/cmr/m/n/12 
,
 []

) (./discussion.tex
Overfull \hbox (29.81738pt too wide) has occurred while \output is active
 \OT1/cmr/m/n/12 14
 []

[14]
Chapter 5.

Overfull \hbox (29.81738pt too wide) has occurred while \output is active
 \OT1/cmr/m/n/12 15
 []

[15

]
Overfull \hbox (34.33469pt too wide) in paragraph at lines 14--15
\OT1/cmr/m/n/12 (not through wrap-per code), it was ver-i-fied that the ap-pli-
ca-tion throws \OT1/cmtt/m/n/12 SecurityExceptions
 []


Overfull \hbox (29.81738pt too wide) has occurred while \output is active
 \OT1/cmr/m/n/12 16
 []

[16]) (./limitations.tex
Overfull \hbox (29.81738pt too wide) has occurred while \output is active
 \OT1/cmr/m/n/12 17
 []

[17]
Chapter 6.

Overfull \hbox (29.81738pt too wide) has occurred while \output is active
 \OT1/cmr/m/n/12 18
 []

[18

]) (./conclusion.tex
Overfull \hbox (29.81738pt too wide) has occurred while \output is active
 \OT1/cmr/m/n/12 19
 []

[19]
Chapter 7.
)
Overfull \hbox (29.81738pt too wide) has occurred while \output is active
 \OT1/cmr/m/n/12 20
 []

[20

]
Overfull \hbox (29.81738pt too wide) has occurred while \output is active
 \OT1/cmr/m/n/12 21
 []

[21

]
Overfull \hbox (0.89912pt too wide) in paragraph at lines 195--195
[]\OT1/cmr/m/n/12 B. Wom-ack. \OT1/cmr/m/it/12 Google Says 700,000 Ap-pli-ca-ti
ons Avail-able for An-droid\OT1/cmr/m/n/12 . Bloomberg
 []


Overfull \hbox (27.88208pt too wide) in paragraph at lines 195--195
[]\OT1/cmr/m/n/12 Yajin Zhou, Xin-wen Zhang, Xux-ian Jiang, and Vince W. Freeh.
 ``Tam-ing Information-
 []

Package atveryend Info: Empty hook `BeforeClearDocument' on input line 210.

Overfull \hbox (29.81738pt too wide) has occurred while \output is active
 \OT1/cmr/m/n/12 22
 []

[22]
Package atveryend Info: Empty hook `AfterLastShipout' on input line 210.
 (./main.aux)
Package atveryend Info: Empty hook `AtVeryEndDocument' on input line 210.
Package atveryend Info: Empty hook `AtEndAfterFileList' on input line 210.
Package logreq Info: Writing requests to 'main.run.xml'.
\openout1 = `main.run.xml'.

 ) 
Here is how much of TeX's memory you used:
 21966 strings out of 494146
 380866 string characters out of 3150712
 685235 words of memory out of 3000000
 24845 multiletter control sequences out of 15000+200000
 10868 words of font info for 40 fonts, out of 3000000 for 9000
 1018 hyphenation exceptions out of 8191
 56i,9n,92p,1635b,1003s stack positions out of 5000i,500n,10000p,200000b,50000s

Output written on main.pdf (28 pages).
